<?xml version="1.0" encoding="UTF-8"?>
<testsuites name="Mocha Tests" time="7.003" tests="8" failures="0">
  <testsuite name="Root Suite" timestamp="2019-06-09T17:38:08" tests="0" failures="0" time="0">
  </testsuite>
  <testsuite name="Assertions" timestamp="2019-06-09T17:38:08" tests="0" failures="0" time="0">
  </testsuite>
  <testsuite name="Implicit Assertions" timestamp="2019-06-09T17:38:08" tests="2" failures="0" time="2.37">
    <testcase name="Assertions Implicit Assertions .should() - make an assertion about the current subject" time="1.593" classname=".should() - make an assertion about the current subject">
    </testcase>
    <testcase name="Assertions Implicit Assertions .and() - chain multiple assertions together" time="0.777" classname=".and() - chain multiple assertions together">
    </testcase>
  </testsuite>
  <testsuite name="Explicit Assertions" timestamp="2019-06-09T17:38:13" tests="6" failures="0" time="4.633">
    <testcase name="Assertions Explicit Assertions expect - make an assertion about a specified subject" time="0.608" classname="expect - make an assertion about a specified subject">
    </testcase>
    <testcase name="Assertions Explicit Assertions pass your own callback function to should()" time="0.556" classname="pass your own callback function to should()">
    </testcase>
    <testcase name="Assertions Explicit Assertions finds element by class name regex" time="0.601" classname="finds element by class name regex">
    </testcase>
    <testcase name="Assertions Explicit Assertions can throw any error" time="1.07" classname="can throw any error">
    </testcase>
    <testcase name="Assertions Explicit Assertions matches unknown text between two elements" time="0.668" classname="matches unknown text between two elements">
    </testcase>
    <testcase name="Assertions Explicit Assertions assert - assert shape of an object" time="1.13" classname="assert - assert shape of an object">
    </testcase>
  </testsuite>
</testsuites>