<?xml version="1.0" encoding="UTF-8"?>
<testsuites name="Mocha Tests" time="6.742000000000001" tests="2" failures="0">
  <testsuite name="Root Suite" timestamp="2019-06-09T17:41:42" tests="0" failures="0" time="0">
  </testsuite>
  <testsuite name="Waiting" timestamp="2019-06-09T17:41:42" tests="2" failures="0" time="6.742000000000001">
    <testcase name="Waiting cy.wait() - wait for a specific amount of time" time="4.868" classname="cy.wait() - wait for a specific amount of time">
    </testcase>
    <testcase name="Waiting cy.wait() - wait for a specific route" time="1.874" classname="cy.wait() - wait for a specific route">
    </testcase>
  </testsuite>
</testsuites>