<?xml version="1.0" encoding="UTF-8"?>
<testsuites name="Mocha Tests" time="4.2940000000000005" tests="4" failures="0">
  <testsuite name="Root Suite" timestamp="2019-06-09T17:40:32" tests="0" failures="0" time="0">
  </testsuite>
  <testsuite name="Querying" timestamp="2019-06-09T17:40:32" tests="4" failures="0" time="4.2940000000000005">
    <testcase name="Querying cy.get() - query DOM elements" time="1.05" classname="cy.get() - query DOM elements">
    </testcase>
    <testcase name="Querying cy.contains() - query DOM elements with matching content" time="0.938" classname="cy.contains() - query DOM elements with matching content">
    </testcase>
    <testcase name="Querying .within() - query DOM elements within a specific element" time="1.193" classname=".within() - query DOM elements within a specific element">
    </testcase>
    <testcase name="Querying cy.root() - query the root DOM element" time="1.113" classname="cy.root() - query the root DOM element">
    </testcase>
  </testsuite>
</testsuites>