<?xml version="1.0" encoding="UTF-8"?>
<testsuites name="Mocha Tests" time="16.184" tests="13" failures="0">
  <testsuite name="Root Suite" timestamp="2019-06-09T17:37:43" tests="0" failures="0" time="0">
  </testsuite>
  <testsuite name="Actions" timestamp="2019-06-09T17:37:43" tests="13" failures="0" time="16.184">
    <testcase name="Actions .type() - type into a DOM element" time="4.735" classname=".type() - type into a DOM element">
    </testcase>
    <testcase name="Actions .focus() - focus on a DOM element" time="0.389" classname=".focus() - focus on a DOM element">
    </testcase>
    <testcase name="Actions .blur() - blur off a DOM element" time="0.542" classname=".blur() - blur off a DOM element">
    </testcase>
    <testcase name="Actions .clear() - clears an input or textarea element" time="0.7" classname=".clear() - clears an input or textarea element">
    </testcase>
    <testcase name="Actions .submit() - submit a form" time="0.661" classname=".submit() - submit a form">
    </testcase>
    <testcase name="Actions .click() - click on a DOM element" time="2.362" classname=".click() - click on a DOM element">
    </testcase>
    <testcase name="Actions .dblclick() - double click on a DOM element" time="0.583" classname=".dblclick() - double click on a DOM element">
    </testcase>
    <testcase name="Actions .check() - check a checkbox or radio element" time="0.972" classname=".check() - check a checkbox or radio element">
    </testcase>
    <testcase name="Actions .uncheck() - uncheck a checkbox element" time="1.126" classname=".uncheck() - uncheck a checkbox element">
    </testcase>
    <testcase name="Actions .select() - select an option in a &lt;select&gt; element" time="1.08" classname=".select() - select an option in a &lt;select&gt; element">
    </testcase>
    <testcase name="Actions .scrollIntoView() - scroll an element into view" time="0.49" classname=".scrollIntoView() - scroll an element into view">
    </testcase>
    <testcase name="Actions .trigger() - trigger an event on a DOM element" time="0.293" classname=".trigger() - trigger an event on a DOM element">
    </testcase>
    <testcase name="Actions cy.scrollTo() - scroll the window or element to a position" time="2.251" classname="cy.scrollTo() - scroll the window or element to a position">
    </testcase>
  </testsuite>
</testsuites>