<?xml version="1.0" encoding="UTF-8"?>
<testsuites name="Mocha Tests" time="13.511999999999999" tests="13" failures="0">
  <testsuite name="Root Suite" timestamp="2019-06-09T17:38:42" tests="0" failures="0" time="0">
  </testsuite>
  <testsuite name="Cypress.Commands" timestamp="2019-06-09T17:38:42" tests="1" failures="0" time="1.502">
    <testcase name="Cypress.Commands .add() - create a custom command" time="1.502" classname=".add() - create a custom command">
    </testcase>
  </testsuite>
  <testsuite name="Cypress.Cookies" timestamp="2019-06-09T17:38:47" tests="3" failures="0" time="3.203">
    <testcase name="Cypress.Cookies .debug() - enable or disable debugging" time="1.314" classname=".debug() - enable or disable debugging">
    </testcase>
    <testcase name="Cypress.Cookies .preserveOnce() - preserve cookies by key" time="1.156" classname=".preserveOnce() - preserve cookies by key">
    </testcase>
    <testcase name="Cypress.Cookies .defaults() - set defaults for all cookies" time="0.733" classname=".defaults() - set defaults for all cookies">
    </testcase>
  </testsuite>
  <testsuite name="Cypress.Server" timestamp="2019-06-09T17:38:50" tests="1" failures="0" time="0.965">
    <testcase name="Cypress.Server .defaults() - change default config of server" time="0.965" classname=".defaults() - change default config of server">
    </testcase>
  </testsuite>
  <testsuite name="Cypress.arch" timestamp="2019-06-09T17:38:51" tests="1" failures="0" time="1.336">
    <testcase name="Cypress.arch Get CPU architecture name of underlying OS" time="1.336" classname="Get CPU architecture name of underlying OS">
    </testcase>
  </testsuite>
  <testsuite name="Cypress.config()" timestamp="2019-06-09T17:38:52" tests="1" failures="0" time="0.702">
    <testcase name="Cypress.config() Get and set configuration options" time="0.702" classname="Get and set configuration options">
    </testcase>
  </testsuite>
  <testsuite name="Cypress.dom" timestamp="2019-06-09T17:38:53" tests="1" failures="0" time="0.889">
    <testcase name="Cypress.dom .isHidden() - determine if a DOM element is hidden" time="0.889" classname=".isHidden() - determine if a DOM element is hidden">
    </testcase>
  </testsuite>
  <testsuite name="Cypress.env()" timestamp="2019-06-09T17:38:54" tests="1" failures="0" time="0.717">
    <testcase name="Cypress.env() Get environment variables" time="0.717" classname="Get environment variables">
    </testcase>
  </testsuite>
  <testsuite name="Cypress.log" timestamp="2019-06-09T17:38:54" tests="1" failures="0" time="1.28">
    <testcase name="Cypress.log Control what is printed to the Command Log" time="1.28" classname="Control what is printed to the Command Log">
    </testcase>
  </testsuite>
  <testsuite name="Cypress.platform" timestamp="2019-06-09T17:38:56" tests="1" failures="0" time="0.997">
    <testcase name="Cypress.platform Get underlying OS name" time="0.997" classname="Get underlying OS name">
    </testcase>
  </testsuite>
  <testsuite name="Cypress.version" timestamp="2019-06-09T17:38:57" tests="1" failures="0" time="1.017">
    <testcase name="Cypress.version Get current version of Cypress being run" time="1.017" classname="Get current version of Cypress being run">
    </testcase>
  </testsuite>
  <testsuite name="Cypress.spec" timestamp="2019-06-09T17:38:58" tests="1" failures="0" time="0.904">
    <testcase name="Cypress.spec Get current spec information" time="0.904" classname="Get current spec information">
    </testcase>
  </testsuite>
</testsuites>