<?xml version="1.0" encoding="UTF-8"?>
<testsuites name="Mocha Tests" time="1.595" tests="1" failures="0">
  <testsuite name="Root Suite" timestamp="2019-06-09T17:39:13" tests="0" failures="0" time="0">
  </testsuite>
  <testsuite name="Local Storage" timestamp="2019-06-09T17:39:13" tests="1" failures="0" time="1.595">
    <testcase name="Local Storage cy.clearLocalStorage() - clear all data in local storage" time="1.595" classname="cy.clearLocalStorage() - clear all data in local storage">
    </testcase>
  </testsuite>
</testsuites>