<?xml version="1.0" encoding="UTF-8"?>
<testsuites name="Mocha Tests" time="6.446" tests="5" failures="0">
  <testsuite name="Root Suite" timestamp="2019-06-09T17:38:30" tests="0" failures="0" time="0">
  </testsuite>
  <testsuite name="Cookies" timestamp="2019-06-09T17:38:30" tests="5" failures="0" time="6.446">
    <testcase name="Cookies cy.getCookie() - get a browser cookie" time="1.121" classname="cy.getCookie() - get a browser cookie">
    </testcase>
    <testcase name="Cookies cy.getCookies() - get browser cookies" time="1.197" classname="cy.getCookies() - get browser cookies">
    </testcase>
    <testcase name="Cookies cy.setCookie() - set a browser cookie" time="1.139" classname="cy.setCookie() - set a browser cookie">
    </testcase>
    <testcase name="Cookies cy.clearCookie() - clear a browser cookie" time="1.278" classname="cy.clearCookie() - clear a browser cookie">
    </testcase>
    <testcase name="Cookies cy.clearCookies() - clear browser cookies" time="1.711" classname="cy.clearCookies() - clear browser cookies">
    </testcase>
  </testsuite>
</testsuites>