<?xml version="1.0" encoding="UTF-8"?>
<testsuites name="Mocha Tests" time="5.589" tests="4" failures="0">
  <testsuite name="Root Suite" timestamp="2019-06-09T17:39:01" tests="0" failures="0" time="0">
  </testsuite>
  <testsuite name="Files" timestamp="2019-06-09T17:39:01" tests="4" failures="0" time="5.589">
    <testcase name="Files cy.fixture() - load a fixture" time="1.625" classname="cy.fixture() - load a fixture">
    </testcase>
    <testcase name="Files cy.fixture() or require - load a fixture" time="1.258" classname="cy.fixture() or require - load a fixture">
    </testcase>
    <testcase name="Files cy.readFile() - read a files contents" time="0.9" classname="cy.readFile() - read a files contents">
    </testcase>
    <testcase name="Files cy.writeFile() - write to a file" time="1.806" classname="cy.writeFile() - write to a file">
    </testcase>
  </testsuite>
</testsuites>