<?xml version="1.0" encoding="UTF-8"?>
<testsuites name="Mocha Tests" time="10.998000000000001" tests="3" failures="0">
  <testsuite name="Root Suite" timestamp="2019-06-09T17:39:59" tests="0" failures="0" time="0">
  </testsuite>
  <testsuite name="Navigation" timestamp="2019-06-09T17:39:59" tests="3" failures="0" time="10.998000000000001">
    <testcase name="Navigation cy.go() - go back or forward in the browser&apos;s history" time="6.677" classname="cy.go() - go back or forward in the browser&apos;s history">
    </testcase>
    <testcase name="Navigation cy.reload() - reload the page" time="2.678" classname="cy.reload() - reload the page">
    </testcase>
    <testcase name="Navigation cy.visit() - visit a remote url" time="1.643" classname="cy.visit() - visit a remote url">
    </testcase>
  </testsuite>
</testsuites>