<?xml version="1.0" encoding="UTF-8"?>
<testsuites name="Mocha Tests" time="1.365" tests="2" failures="0">
  <testsuite name="Root Suite" timestamp="2019-06-09T17:38:03" tests="0" failures="0" time="0">
  </testsuite>
  <testsuite name="Aliasing" timestamp="2019-06-09T17:38:04" tests="2" failures="0" time="1.365">
    <testcase name="Aliasing .as() - alias a DOM element for later use" time="0.424" classname=".as() - alias a DOM element for later use">
    </testcase>
    <testcase name="Aliasing .as() - alias a route for later use" time="0.941" classname=".as() - alias a route for later use">
    </testcase>
  </testsuite>
</testsuites>